<?xml version="1.0" encoding="UTF-8"?>
<testng-results ignored="0" total="2" passed="2" failed="0" skipped="0">
  <reporter-output>
    <line>
      <![CDATA[open browser]]>
    </line>
    <line>
      <![CDATA[open browser]]>
    </line>
    <line>
      <![CDATA[login]]>
    </line>
    <line>
      <![CDATA[login]]>
    </line>
    <line>
      <![CDATA[Add Address]]>
    </line>
    <line>
      <![CDATA[Add Address]]>
    </line>
    <line>
      <![CDATA[close]]>
    </line>
    <line>
      <![CDATA[close]]>
    </line>
  </reporter-output>
  <suite started-at="2024-07-26T00:13:29 GMT-11:00" name="Suite" finished-at="2024-07-26T00:13:55 GMT-11:00" duration-ms="26096">
    <groups>
      <group name="Smoke">
        <method signature="AddAddress.addaddress()[pri:0, instance:testngtestscripts.AddAddress@294425a7]" name="addaddress" class="testngtestscripts.AddAddress"/>
        <method signature="AddAddress.addaddress()[pri:0, instance:testngtestscripts.AddAddress@6cf0e0ba]" name="addaddress" class="testngtestscripts.AddAddress"/>
      </group> <!-- Smoke -->
    </groups>
    <test started-at="2024-07-26T00:13:29 GMT-11:00" name="ChromeTest" finished-at="2024-07-26T00:13:55 GMT-11:00" duration-ms="26096">
      <class name="testngtestscripts.AddAddress">
        <test-method is-config="true" signature="openbrowser()[pri:0, instance:testngtestscripts.AddAddress@294425a7]" started-at="2024-07-26T00:13:29 GMT-11:00" name="openbrowser" finished-at="2024-07-26T00:13:42 GMT-11:00" duration-ms="12561" status="PASS">
          <reporter-output>
            <line>
              <![CDATA[open browser]]>
            </line>
          </reporter-output>
        </test-method> <!-- openbrowser -->
        <test-method is-config="true" signature="login()[pri:0, instance:testngtestscripts.AddAddress@294425a7]" started-at="2024-07-26T00:13:42 GMT-11:00" name="login" finished-at="2024-07-26T00:13:45 GMT-11:00" duration-ms="3426" status="PASS">
          <reporter-output>
            <line>
              <![CDATA[login]]>
            </line>
          </reporter-output>
        </test-method> <!-- login -->
        <test-method signature="addaddress()[pri:0, instance:testngtestscripts.AddAddress@294425a7]" started-at="2024-07-26T00:13:45 GMT-11:00" name="addaddress" finished-at="2024-07-26T00:13:54 GMT-11:00" duration-ms="9277" status="PASS">
          <reporter-output>
            <line>
              <![CDATA[Add Address]]>
            </line>
          </reporter-output>
        </test-method> <!-- addaddress -->
        <test-method is-config="true" signature="close()[pri:0, instance:testngtestscripts.AddAddress@294425a7]" started-at="2024-07-26T00:13:55 GMT-11:00" name="close" finished-at="2024-07-26T00:13:55 GMT-11:00" duration-ms="695" status="PASS">
          <reporter-output>
            <line>
              <![CDATA[close]]>
            </line>
          </reporter-output>
        </test-method> <!-- close -->
      </class> <!-- testngtestscripts.AddAddress -->
    </test> <!-- ChromeTest -->
    <test started-at="2024-07-26T00:13:29 GMT-11:00" name="EdgeTest" finished-at="2024-07-26T00:13:55 GMT-11:00" duration-ms="26069">
      <class name="testngtestscripts.AddAddress">
        <test-method is-config="true" signature="openbrowser()[pri:0, instance:testngtestscripts.AddAddress@6cf0e0ba]" started-at="2024-07-26T00:13:29 GMT-11:00" name="openbrowser" finished-at="2024-07-26T00:13:42 GMT-11:00" duration-ms="12914" status="PASS">
          <reporter-output>
            <line>
              <![CDATA[open browser]]>
            </line>
          </reporter-output>
        </test-method> <!-- openbrowser -->
        <test-method is-config="true" signature="login()[pri:0, instance:testngtestscripts.AddAddress@6cf0e0ba]" started-at="2024-07-26T00:13:42 GMT-11:00" name="login" finished-at="2024-07-26T00:13:46 GMT-11:00" duration-ms="3508" status="PASS">
          <reporter-output>
            <line>
              <![CDATA[login]]>
            </line>
          </reporter-output>
        </test-method> <!-- login -->
        <test-method signature="addaddress()[pri:0, instance:testngtestscripts.AddAddress@6cf0e0ba]" started-at="2024-07-26T00:13:46 GMT-11:00" name="addaddress" finished-at="2024-07-26T00:13:55 GMT-11:00" duration-ms="9194" status="PASS">
          <reporter-output>
            <line>
              <![CDATA[Add Address]]>
            </line>
          </reporter-output>
        </test-method> <!-- addaddress -->
        <test-method is-config="true" signature="close()[pri:0, instance:testngtestscripts.AddAddress@6cf0e0ba]" started-at="2024-07-26T00:13:55 GMT-11:00" name="close" finished-at="2024-07-26T00:13:55 GMT-11:00" duration-ms="367" status="PASS">
          <reporter-output>
            <line>
              <![CDATA[close]]>
            </line>
          </reporter-output>
        </test-method> <!-- close -->
      </class> <!-- testngtestscripts.AddAddress -->
    </test> <!-- EdgeTest -->
  </suite> <!-- Suite -->
</testng-results>
