<?xml version="1.0" encoding="UTF-8"?>
<!-- Generated by org.testng.reporters.JUnitXMLReporter -->
<testsuite ignored="0" hostname="DESKTOP-BQO7I60" failures="0" tests="3" name="Default test" time="0.175" errors="0" timestamp="2024-07-25T23:55:06 GMT-11:00">
  <testcase classname="testngattribute.DependsOnmethods" name="openbrowser" time="0.034"/>
  <testcase classname="testngattribute.DependsOnmethods" name="register" time="0.006"/>
  <testcase classname="testngattribute.DependsOnmethods" name="login" time="0.004"/>
</testsuite> <!-- Default test -->
