<?xml version="1.0" encoding="UTF-8"?>
<!-- Generated by org.testng.reporters.JUnitXMLReporter -->
<testsuite ignored="0" hostname="DESKTOP-BQO7I60" failures="0" tests="3" name="Test" time="44.369" errors="0" timestamp="2024-07-25T23:46:05 GMT-11:00">
  <testcase classname="testngtestscripts.AddAddress" name="addaddress" time="6.143"/>
  <testcase classname="testngtestscripts.DeleteAddress" name="deleteaddress" time="1.961"/>
  <testcase classname="testngtestscripts.UbdateAddress" name="ubdateaddress" time="5.767"/>
</testsuite> <!-- Test -->
